OUT: ^[[1;1H^[[H^[[J^[[11;73H^[[9;1H^[[69C┌─^[[1C^[[34mPrompt^[[1C^[[m───────────────────────────────────────────────────────────────────────────────────────────────────────────────────────────────┐^[[10;1H^[[10;70H│^[[1CQuestion?^[[126C│^[[11;1H^[[11;70H│^[[136C│^[[12;1H^[[12;70H│^[[136C│^[[13;1H^[[13;70H│^[[2C^[[40m                                                                                                                                    ^[[2C^[[m│^[[14;1H^[[14;70H│^[[136C│^[[15;1H^[[15;70H│^[[2C^[[40m Okay ^[[2CCancel  ^[[118C^[[m│^[[16;1H^[[16;70H└────────────────────────────────────────────────────────────────────────────────────────────────────────────────────────────────────────┘^[[2B^[[10;1H^[[10;126H┌─^[[1C^[[1;31mWARNING^[[1C^[[m─────────────┐^[[11;1H^[[11;126H│^[[23C│^[[12;1H^[[12;126H│^[[1C^[[1mTerminfo parse error.^[[1C^[[m│^[[13;1H^[[13;126H│                       │^[[14;1H^[[14;126H└───────────────────────┘
-
OUT: ^[[10;1H^[[10;126H  ^[[1C       ^[[1C              ^[[11;1H^[[11;126H ^[[23C ^[[12;1H^[[12;126H ^[[1C                     ^[[1C ^[[13;1H^[[13;126H^[[40m                         ^[[m^[[14;1H^[[14;126H                         
-
IN: ^[[D
-
IN: t
-
OUT: ^[[11;74H^[[13;1H^[[13;73H^[[40mt^[[m^[[2B
-
IN: e
-
OUT: ^[[11;75H^[[13;1H^[[13;74H^[[40me^[[m^[[2B
-
IN: s
-
OUT: ^[[11;76H^[[13;1H^[[13;75H^[[40ms^[[m^[[2B
-
IN: t
-
OUT: ^[[11;77H^[[13;1H^[[13;76H^[[40mt^[[m^[[2B
-
IN: \r
-
OUT: ^[[9;1H^[[69C  ^[[1C      ^[[1C                                                                                                                                ^[[10;1H^[[10;70H┌─ ^[[34mQuestion^[[1C^[[m─────────────────────────────────────────────────────────────────────────────────────────────────────────────────────────────┐^[[11;1H^[[11;72HQuestion?^[[13;1H^[[13;73H^[[40m Okay^[[1C^[[m  ^[[40mCancel^[[2C^[[m                                                                                                                    ^[[14;1H^[[14;70H└────────────────────────────────────────────────────────────────────────────────────────────────────────────────────────────────────────┘^[[15;1H^[[15;70H ^[[2C      ^[[2C        ^[[118C ^[[16;1H^[[16;70H                                                                                                                                          
-
IN: \r
-
OUT: ^[[10;1H^[[69C  ^[[1C        ^[[1C                                                                                                                              ^[[11;1H^[[11;70H┌─ ^[[34mMessage^[[m ──────────────────────────────────────────────────────────────────────────────────────────────────────────────────────────────┐^[[12;1H^[[12;71HHello^[[1Cworld!^[[13;1H^[[13;70H└────────────────────────────────────────────────────────────────────────────────────────────────────────────────────────────────────────┘^[[14;1H^[[14;70H                                                                                                                                          
-
IN: \r
-
OUT: ^[[11;1H^[[69C  ^[[1C       ^[[1C                                                                                                                               ^[[12;1H^[[12;70H      ^[[1C      ^[[124C ^[[13;1H^[[13;70H                                                                                                                                          ^[[11;1H^[[69C┌─^[[1C^[[34mMessage^[[1C^[[m──────────────────────────────────────────────────────────────────────────────────────────────────────────────────────────────┐^[[12;1H^[[12;70H│Hello^[[1Cworld^[[1Cagain!^[[118C│^[[13;1H^[[13;70H└────────────────────────────────────────────────────────────────────────────────────────────────────────────────────────────────────────┘
-
IN: \r
-
OUT: ^[[11;1H^[[69C  ^[[1C       ^[[1C                                                                                                                               ^[[12;1H^[[12;70H      ^[[1C     ^[[1C      ^[[118C ^[[13;1H^[[13;70H                                                                                                                                          
-
OUT: ^[[10;1H^[[69C┌─^[[1C^[[34mLoader^[[1C^[[m───────────────────────────────────────────────────────────────────────────────────────────────────────────────────────────────┐^[[11;1H^[[11;70H│Loading...^[[126C│^[[12;1H^[[12;70H│^[[136C│^[[13;1H^[[13;70H│^[[1C/^[[134C│^[[14;1H^[[14;70H└────────────────────────────────────────────────────────────────────────────────────────────────────────────────────────────────────────┘
-
OUT: ^[[13;1H^[[13;72H-
-
OUT: ^[[13;1H^[[13;72H\
-
OUT: ^[[13;1H^[[13;72H|
-
OUT: ^[[13;1H^[[13;72H/
-
OUT: ^[[13;1H^[[13;72H-
-
OUT: ^[[13;1H^[[13;72H\
-
OUT: ^[[13;1H^[[13;72H|
-
OUT: ^[[13;1H^[[13;72H/
-
OUT: ^[[13;1H^[[13;72H-
-
OUT: ^[[13;1H^[[13;72H\
-
OUT: ^[[13;1H^[[13;72H|
-
OUT: ^[[13;1H^[[13;72H/
-
OUT: ^[[13;1H^[[13;72H-
-
OUT: ^[[10;1H^[[69C  ^[[1C      ^[[1C                                                                                                                                ^[[11;1H^[[11;70H           ^[[126C ^[[12;1H^[[12;70H ^[[136C ^[[13;1H^[[13;70H ^[[1C ^[[134C ^[[14;1H^[[14;70H                                                                                                                                          ^[[H^[[J
-
OUT: ^[[32m^[[1m2018-08-30 17:06:51^[[22m^[[39m| ^[[33mnodefried^[[39m^[[33m@^[[39m^[[33m75.129.254.61^[[39m^[[36m^[[1m >> ^[[22m^[[39m
-
IN: \r\n
-
OUT: ^[[32m^[[1m2018-08-30 17:12:15^[[22m^[[39m| ^[[33mNeed to enter a command...^[[39m\n
-
OUT: ^[[32m^[[1m2018-08-30 17:12:15^[[22m^[[39m| ^[[33mnodefried^[[39m^[[33m@^[[39m^[[33m75.129.254.61^[[39m^[[36m^[[1m >> ^[[22m^[[39m
-
IN: \r\n
-
OUT: ^[[32m^[[1m2018-08-30 17:12:15^[[22m^[[39m| ^[[33mNeed to enter a command...^[[39m\n
-
OUT: ^[[32m^[[1m2018-08-30 17:12:15^[[22m^[[39m| ^[[33mnodefried^[[39m^[[33m@^[[39m^[[33m75.129.254.61^[[39m^[[36m^[[1m >> ^[[22m^[[39m
-
IN: exit\r\n
-
